<?xml version="1.0" encoding="UTF-8"?>
<!-- Generated by org.testng.reporters.JUnitReportReporter -->
<testsuite hostname="SWAPS-PC" failures="0" tests="3" name="insuranceCalculator_Motorcycle.ErrorTests_motorcycle" time="17.640" errors="0" timestamp="2024-02-11T19:27:49 IST" skipped="2">
  <testcase classname="insuranceCalculator_Motorcycle.ErrorTests_motorcycle" name="verify_ModelDropdownOptions" time="17.640"/>
  <testcase classname="insuranceCalculator_Motorcycle.ErrorTests_motorcycle" name="error_Message_PayLoadField">
    <skipped/>
  </testcase> <!-- error_Message_PayLoadField -->
  <testcase classname="insuranceCalculator_Motorcycle.ErrorTests_motorcycle" name="error_Message_PayLoadField1">
    <skipped/>
  </testcase> <!-- error_Message_PayLoadField1 -->
</testsuite> <!-- insuranceCalculator_Motorcycle.ErrorTests_motorcycle -->
