<?xml version="1.0" encoding="UTF-8"?>
<!-- Generated by org.testng.reporters.JUnitReportReporter -->
<testsuite hostname="SWAPS-PC" failures="0" tests="1" name="insuranceCalculator_Motorcycle.EndToEndTests_motorcycle" time="3.988" errors="0" timestamp="2024-02-23T22:05:06 IST" skipped="0">
  <testcase classname="insuranceCalculator_Motorcycle.EndToEndTests_motorcycle" name="insuranceCalculate_VolvoMotor" time="3.988"/>
</testsuite> <!-- insuranceCalculator_Motorcycle.EndToEndTests_motorcycle -->
